<?xml version="1.0" encoding="UTF-8"?>
<!-- Generated by org.testng.reporters.JUnitReportReporter -->
<testsuite skipped="0" hostname="DESKTOP-IF75CD3" name="com.training.sanity.tests.RETC006" tests="1" failures="0" timestamp="06 Mar 2019 07:22:51 GMT" time="64.373" errors="0">
  <testcase name="UserLoginLogoutTest" time="64.373" classname="com.training.sanity.tests.RETC006"/>
</testsuite> <!-- com.training.sanity.tests.RETC006 -->
